<?xml version="1.0" encoding="UTF-8"?>
<!-- Generated by org.testng.reporters.JUnitXMLReporter -->
<testsuite hostname="LAPTOP-8A20E688" name="Run On Firefox" tests="3" failures="0" timestamp="4 Oct 2021 10:50:34 GMT" time="68.84" errors="0">
  <testcase name="verifyFreeCRMLogoTest" time="0.906" classname="com.test.LoginTest"/>
  <testcase name="verifyLoginWithAdmin" time="1.064" classname="com.test.LoginTest"/>
  <testcase name="verifyLoginWithCustomer" time="1.144" classname="com.test.LoginTest"/>
</testsuite> <!-- Run On Firefox -->
