<?xml version="1.0" encoding="UTF-8"?>
<!-- Generated by org.testng.reporters.JUnitXMLReporter -->
<testsuite hostname="LAPTOP-8A20E688" name="Run On chrome" tests="3" failures="0" timestamp="4 Oct 2021 08:25:33 GMT" time="57.27" errors="0">
  <testcase name="@AfterMethod tearDown" time="0.0" classname="com.test.LoginTest">
    <failure type="java.lang.NullPointerException">
      <![CDATA[java.lang.NullPointerException
	at com.test.LoginTest.tearDown(LoginTest.java:85)
	at java.util.concurrent.ThreadPoolExecutor.runWorker(ThreadPoolExecutor.java:1149)
	at java.util.concurrent.ThreadPoolExecutor$Worker.run(ThreadPoolExecutor.java:624)
	at java.lang.Thread.run(Thread.java:748)
... Removed 12 stack frames]]>
    </failure>
  </testcase> <!-- @AfterMethod tearDown -->
  <testcase name="@BeforeMethod setUp" time="0.0" classname="com.test.LoginTest">
    <skipped/>
  </testcase> <!-- @BeforeMethod setUp -->
  <testcase name="@AfterMethod tearDown" time="0.0" classname="com.test.LoginTest">
    <skipped/>
  </testcase> <!-- @AfterMethod tearDown -->
  <testcase name="@BeforeMethod setUp" time="0.0" classname="com.test.LoginTest">
    <skipped/>
  </testcase> <!-- @BeforeMethod setUp -->
  <testcase name="@AfterMethod tearDown" time="0.0" classname="com.test.LoginTest">
    <skipped/>
  </testcase> <!-- @AfterMethod tearDown -->
  <testcase name="verifyFreeCRMLogoTest" time="0.918" classname="com.test.LoginTest"/>
  <testcase name="verifyLoginWithAdmin" time="0.004" classname="com.test.LoginTest">
    <skipped/>
  </testcase> <!-- verifyLoginWithAdmin -->
  <testcase name="verifyLoginWithCustomer" time="0.002" classname="com.test.LoginTest">
    <skipped/>
  </testcase> <!-- verifyLoginWithCustomer -->
</testsuite> <!-- Run On chrome -->
